<?xml version="1.0" encoding="UTF-8"?>
<!-- Generated by org.testng.reporters.JUnitXMLReporter -->
<testsuite ignored="0" hostname="DESKTOP-JMN770U" failures="0" tests="4" name="Car Name and Price Test" time="44.216" errors="0" timestamp="09 Sep 2023 07:01:01 GMT">
  <testcase classname="TestCases.CarNameAndPriceTest" name="carNameAndPrice" time="16.11"/>
  <testcase classname="TestCases.CarNameAndPriceTest" name="carNameAndPrice" time="8.549"/>
  <testcase classname="TestCases.CarNameAndPriceTest" name="carNameAndPrice" time="9.201"/>
  <testcase classname="TestCases.CarNameAndPriceTest" name="carNameAndPrice" time="8.223"/>
</testsuite> <!-- Car Name and Price Test -->
