<?xml version="1.0" encoding="UTF-8"?>
<!-- Generated by org.testng.reporters.JUnitXMLReporter -->
<testsuite ignored="0" hostname="DESKTOP-JMN770U" failures="0" tests="4" name="Find New Cars Test" time="0.181" errors="0" timestamp="09 Sep 2023 07:00:16 GMT">
  <testcase classname="TestCases.FindNewCarsTest" name="findNewCarTest" time="0.016">
    <skipped/>
  </testcase> <!-- findNewCarTest -->
  <testcase classname="TestCases.FindNewCarsTest" name="findNewCarTest" time="0.002">
    <skipped/>
  </testcase> <!-- findNewCarTest -->
  <testcase classname="TestCases.FindNewCarsTest" name="findNewCarTest" time="0.007">
    <skipped/>
  </testcase> <!-- findNewCarTest -->
  <testcase classname="TestCases.FindNewCarsTest" name="findNewCarTest" time="0.003">
    <skipped/>
  </testcase> <!-- findNewCarTest -->
</testsuite> <!-- Find New Cars Test -->
