<?xml version="1.0" encoding="UTF-8"?>
<!-- Generated by org.testng.reporters.JUnitXMLReporter -->
<testsuite ignored="0" hostname="DESKTOP-JMN770U" failures="0" tests="8" name="Default test" time="44.154" errors="0" timestamp="09 Sep 2023 06:59:09 GMT">
  <testcase classname="TestCases.FindNewCarsTest" name="findNewCarTest" time="0.018">
    <skipped/>
  </testcase> <!-- findNewCarTest -->
  <testcase classname="TestCases.FindNewCarsTest" name="findNewCarTest" time="0.006">
    <skipped/>
  </testcase> <!-- findNewCarTest -->
  <testcase classname="TestCases.FindNewCarsTest" name="findNewCarTest" time="0.007">
    <skipped/>
  </testcase> <!-- findNewCarTest -->
  <testcase classname="TestCases.FindNewCarsTest" name="findNewCarTest" time="0.006">
    <skipped/>
  </testcase> <!-- findNewCarTest -->
  <testcase classname="TestCases.CarNameAndPriceTest" name="carNameAndPrice" time="15.717"/>
  <testcase classname="TestCases.CarNameAndPriceTest" name="carNameAndPrice" time="8.93"/>
  <testcase classname="TestCases.CarNameAndPriceTest" name="carNameAndPrice" time="9.615"/>
  <testcase classname="TestCases.CarNameAndPriceTest" name="carNameAndPrice" time="7.631"/>
</testsuite> <!-- Default test -->
